Using pre-set license
Built from '2021.3/staging' branch; Version is '2021.3.19f1 (c9714fde33b6) revision 13201743'; Using compiler version '192829333'; Build Type 'Release'
OS: 'Windows 10  (10.0.19045) 64bit Professional' Language: 'ko' Physical Memory: 16194 MB
BatchMode: 1, IsHumanControllingUs: 0, StartBugReporterOnCrash: 0, Is64bit: 1, IsPro: 1

COMMAND LINE ARGUMENTS:
C:\Program Files\Unity\Hub\Editor\2021.3.19f1\Editor\Unity.exe
-adb2
-batchMode
-noUpm
-name
AssetImportWorker2
-projectPath
C:/Users/SGA/Desktop/GoldMetal-3D/GOLD METAL-3D
-logFile
Logs/AssetImportWorker2.log
-srvPort
52141
Successfully changed project path to: C:/Users/SGA/Desktop/GoldMetal-3D/GOLD METAL-3D
C:/Users/SGA/Desktop/GoldMetal-3D/GOLD METAL-3D
[UnityMemory] Configuration Parameters - Can be set up in boot.config
    "memorysetup-bucket-allocator-granularity=16"
    "memorysetup-bucket-allocator-bucket-count=8"
    "memorysetup-bucket-allocator-block-size=33554432"
    "memorysetup-bucket-allocator-block-count=8"
    "memorysetup-main-allocator-block-size=16777216"
    "memorysetup-thread-allocator-block-size=16777216"
    "memorysetup-gfx-main-allocator-block-size=16777216"
    "memorysetup-gfx-thread-allocator-block-size=16777216"
    "memorysetup-cache-allocator-block-size=4194304"
    "memorysetup-typetree-allocator-block-size=2097152"
    "memorysetup-profiler-bucket-allocator-granularity=16"
    "memorysetup-profiler-bucket-allocator-bucket-count=8"
    "memorysetup-profiler-bucket-allocator-block-size=33554432"
    "memorysetup-profiler-bucket-allocator-block-count=8"
    "memorysetup-profiler-allocator-block-size=16777216"
    "memorysetup-profiler-editor-allocator-block-size=1048576"
    "memorysetup-temp-allocator-size-main=16777216"
    "memorysetup-job-temp-allocator-block-size=2097152"
    "memorysetup-job-temp-allocator-block-size-background=1048576"
    "memorysetup-job-temp-allocator-reduction-small-platforms=262144"
    "memorysetup-temp-allocator-size-background-worker=32768"
    "memorysetup-temp-allocator-size-job-worker=262144"
    "memorysetup-temp-allocator-size-preload-manager=33554432"
    "memorysetup-temp-allocator-size-nav-mesh-worker=65536"
    "memorysetup-temp-allocator-size-audio-worker=65536"
    "memorysetup-temp-allocator-size-cloud-worker=32768"
    "memorysetup-temp-allocator-size-gi-baking-worker=262144"
    "memorysetup-temp-allocator-size-gfx=262144"
Player connection [25492] Host "[IP] 192.168.0.99 [Port] 0 [Flags] 2 [Guid] 3586984804 [EditorId] 3586984804 [Version] 1048832 [Id] WindowsEditor(7,DESKTOP-HQKDT44) [Debug] 1 [PackageName] WindowsEditor [ProjectName] Editor" joined multi-casting on [225.0.0.222:54997]...

Player connection [25492] Host "[IP] 192.168.0.99 [Port] 0 [Flags] 2 [Guid] 3586984804 [EditorId] 3586984804 [Version] 1048832 [Id] WindowsEditor(7,DESKTOP-HQKDT44) [Debug] 1 [PackageName] WindowsEditor [ProjectName] Editor" joined alternative multi-casting on [225.0.0.222:34997]...

Refreshing native plugins compatible for Editor in 51.62 ms, found 3 plugins.
Preloading 0 native plugins for Editor in 0.00 ms.
Initialize engine version: 2021.3.19f1 (c9714fde33b6)
[Subsystems] Discovering subsystems at path C:/Program Files/Unity/Hub/Editor/2021.3.19f1/Editor/Data/Resources/UnitySubsystems
[Subsystems] Discovering subsystems at path C:/Users/SGA/Desktop/GoldMetal-3D/GOLD METAL-3D/Assets
GfxDevice: creating device client; threaded=0; jobified=0
Direct3D:
    Version:  Direct3D 11.0 [level 11.1]
    Renderer: NVIDIA GeForce GTX 1650 (ID=0x1f82)
    Vendor:   NVIDIA
    VRAM:     3949 MB
    Driver:   31.0.15.3179
Shader 'WFX/Transparent Diffuse': fallback shader 'Particles/Alpha Blended' not found
Shader 'WFX/Transparent Specular': fallback shader 'Particles/Alpha Blended' not found
Initialize mono
Mono path[0] = 'C:/Program Files/Unity/Hub/Editor/2021.3.19f1/Editor/Data/Managed'
Mono path[1] = 'C:/Program Files/Unity/Hub/Editor/2021.3.19f1/Editor/Data/MonoBleedingEdge/lib/mono/unityjit-win32'
Mono config path = 'C:/Program Files/Unity/Hub/Editor/2021.3.19f1/Editor/Data/MonoBleedingEdge/etc'
Using monoOptions --debugger-agent=transport=dt_socket,embedding=1,server=y,suspend=n,address=127.0.0.1:56996
Begin MonoManager ReloadAssembly
Registering precompiled unity dll's ...
Register platform support module: C:/Program Files/Unity/Hub/Editor/2021.3.19f1/Editor/Data/PlaybackEngines/AndroidPlayer/UnityEditor.Android.Extensions.dll
Register platform support module: C:/Program Files/Unity/Hub/Editor/2021.3.19f1/Editor/Data/PlaybackEngines/WindowsStandaloneSupport/UnityEditor.WindowsStandalone.Extensions.dll
Registered in 0.004031 seconds.
Native extension for WindowsStandalone target not found
Native extension for Android target not found
Android Extension - Scanning For ADB Devices 148 ms
Refreshing native plugins compatible for Editor in 49.88 ms, found 3 plugins.
Preloading 0 native plugins for Editor in 0.00 ms.
Mono: successfully reloaded assembly
- Completed reload, in  0.587 seconds
Domain Reload Profiling:
	ReloadAssembly (587ms)
		BeginReloadAssembly (63ms)
			ExecutionOrderSort (0ms)
			DisableScriptedObjects (0ms)
			BackupInstance (0ms)
			ReleaseScriptingObjects (0ms)
			CreateAndSetChildDomain (3ms)
		EndReloadAssembly (451ms)
			LoadAssemblies (59ms)
			RebuildTransferFunctionScriptingTraits (0ms)
			SetupTypeCache (71ms)
			ReleaseScriptCaches (0ms)
			RebuildScriptCaches (18ms)
			SetupLoadedEditorAssemblies (328ms)
				LogAssemblyErrors (0ms)
				InitializePlatformSupportModulesInManaged (195ms)
				SetLoadedEditorAssemblies (0ms)
				RefreshPlugins (50ms)
				BeforeProcessingInitializeOnLoad (1ms)
				ProcessInitializeOnLoadAttributes (56ms)
				ProcessInitializeOnLoadMethodAttributes (26ms)
				AfterProcessingInitializeOnLoad (0ms)
				EditorAssembliesLoaded (0ms)
			ExecutionOrderSort2 (0ms)
			AwakeInstancesAfterBackupRestoration (0ms)
Platform modules already initialized, skipping
Registering precompiled user dll's ...
Registered in 0.002688 seconds.
Begin MonoManager ReloadAssembly
Symbol file LoadedFromMemory doesn't match image C:\Users\SGA\Desktop\GoldMetal-3D\GOLD METAL-3D\Library\PackageCache\com.unity.visualscripting@1.8.0\Editor\VisualScripting.Core\Dependencies\YamlDotNet\Unity.VisualScripting.YamlDotNet.dll
Symbol file LoadedFromMemory doesn't match image C:\Users\SGA\Desktop\GoldMetal-3D\GOLD METAL-3D\Library\PackageCache\com.unity.visualscripting@1.8.0\Editor\VisualScripting.Core\Dependencies\DotNetZip\Unity.VisualScripting.IonicZip.dll
Native extension for WindowsStandalone target not found
Native extension for Android target not found
Refreshing native plugins compatible for Editor in 0.42 ms, found 3 plugins.
Preloading 0 native plugins for Editor in 0.00 ms.
Mono: successfully reloaded assembly
- Completed reload, in  0.655 seconds
Domain Reload Profiling:
	ReloadAssembly (656ms)
		BeginReloadAssembly (69ms)
			ExecutionOrderSort (0ms)
			DisableScriptedObjects (4ms)
			BackupInstance (0ms)
			ReleaseScriptingObjects (0ms)
			CreateAndSetChildDomain (13ms)
		EndReloadAssembly (510ms)
			LoadAssemblies (49ms)
			RebuildTransferFunctionScriptingTraits (0ms)
			SetupTypeCache (166ms)
			ReleaseScriptCaches (0ms)
			RebuildScriptCaches (32ms)
			SetupLoadedEditorAssemblies (232ms)
				LogAssemblyErrors (0ms)
				InitializePlatformSupportModulesInManaged (12ms)
				SetLoadedEditorAssemblies (0ms)
				RefreshPlugins (0ms)
				BeforeProcessingInitializeOnLoad (50ms)
				ProcessInitializeOnLoadAttributes (152ms)
				ProcessInitializeOnLoadMethodAttributes (13ms)
				AfterProcessingInitializeOnLoad (4ms)
				EditorAssembliesLoaded (0ms)
			ExecutionOrderSort2 (0ms)
			AwakeInstancesAfterBackupRestoration (4ms)
Platform modules already initialized, skipping
========================================================================
Worker process is ready to serve import requests
Shader 'WFX/Transparent Diffuse': fallback shader 'Particles/Alpha Blended' not found
Shader 'WFX/Transparent Specular': fallback shader 'Particles/Alpha Blended' not found
Launched and connected shader compiler UnityShaderCompiler.exe after 0.02 seconds
Refreshing native plugins compatible for Editor in 0.42 ms, found 3 plugins.
Preloading 0 native plugins for Editor in 0.00 ms.
Unloading 3177 Unused Serialized files (Serialized files now loaded: 0)
Unloading 22 unused Assets / (56.9 KB). Loaded Objects now: 3648.
Memory consumption went from 118.8 MB to 118.7 MB.
Total: 2.159700 ms (FindLiveObjects: 0.173500 ms CreateObjectMapping: 0.072000 ms MarkObjects: 1.836100 ms  DeleteObjects: 0.077400 ms)

AssetImportParameters requested are different than current active one (requested -> active):
  custom:video-decoder-ogg-theora: a1e56fd34408186e4bbccfd4996cb3dc -> 
  custom:container-muxer-webm: aa71ff27fc2769a1b78a27578f13a17b -> 
  custom:container-demuxer-webm: 4f35f7cbe854078d1ac9338744f61a02 -> 
  custom:video-encoder-webm-vp8: eb34c28f22e8b96e1ab97ce403110664 -> 
  custom:audio-encoder-webm-vorbis: bf7c407c2cedff20999df2af8eb42d56 -> 
  custom:framework-win-MediaFoundation: 216162199b28c13a410421893ffa2e32 -> 
  custom:container-demuxer-ogg: 62fdf1f143b41e24485cea50d1cbac27 -> 
  custom:video-decoder-webm-vp8: 9c59270c3fd7afecdb556c50c9e8de78 -> 
  custom:audio-decoder-ogg-vorbis: bf7c407c2cedff20999df2af8eb42d56 -> 
========================================================================
Received Import Request.
  Time since last request: 9934.477053 seconds.
  path: Assets/Creatures Titan/Animation/Materials
  artifactKey: Guid(f09b66e54fccde042ae1535e2c323295) Importer(815301076,1909f56bfc062723c751e8b465ee728b)
Start importing Assets/Creatures Titan/Animation/Materials using Guid(f09b66e54fccde042ae1535e2c323295) Importer(815301076,1909f56bfc062723c751e8b465ee728b)  -> (artifact id: 'd0c0c330d115e56e18e260366a89aad2') in 0.011109 seconds 
========================================================================
Received Import Request.
  Time since last request: 0.080804 seconds.
  path: Assets/Creatures Titan/Animation/Materials/Titan__Albedo.mat
  artifactKey: Guid(9c187a0091c87ab498baeb57b00fa974) Importer(815301076,1909f56bfc062723c751e8b465ee728b)
Start importing Assets/Creatures Titan/Animation/Materials/Titan__Albedo.mat using Guid(9c187a0091c87ab498baeb57b00fa974) Importer(815301076,1909f56bfc062723c751e8b465ee728b)  -> (artifact id: '63dd3e13228bb6d3fae234902ce42197') in 0.090746 seconds 
========================================================================
Received Import Request.
  Time since last request: 102.015198 seconds.
  path: Assets/Creatures Titan/Animation/Titan@Attack(1).fbx
  artifactKey: Guid(a3657f3076d4ecb48ba773fc3d33886b) Importer(815301076,1909f56bfc062723c751e8b465ee728b)
Start importing Assets/Creatures Titan/Animation/Titan@Attack(1).fbx using Guid(a3657f3076d4ecb48ba773fc3d33886b) Importer(815301076,1909f56bfc062723c751e8b465ee728b)  -> (artifact id: '6f8293112f46f0644c43b90f33c7ab3f') in 0.057652 seconds 
========================================================================
Received Import Request.
  Time since last request: 0.000019 seconds.
  path: Assets/Creatures Titan/Animation/Titan@Death.fbx
  artifactKey: Guid(3446299ea8161824aa26187412d69ede) Importer(815301076,1909f56bfc062723c751e8b465ee728b)
Start importing Assets/Creatures Titan/Animation/Titan@Death.fbx using Guid(3446299ea8161824aa26187412d69ede) Importer(815301076,1909f56bfc062723c751e8b465ee728b)  -> (artifact id: 'ec57caad470a70c5931647598dc726da') in 0.017455 seconds 
========================================================================
Received Import Request.
  Time since last request: 0.000018 seconds.
  path: Assets/Creatures Titan/Animation/Titan@Shout2.fbx
  artifactKey: Guid(b1bf8b3f97df2634588c4549d034173c) Importer(815301076,1909f56bfc062723c751e8b465ee728b)
Start importing Assets/Creatures Titan/Animation/Titan@Shout2.fbx using Guid(b1bf8b3f97df2634588c4549d034173c) Importer(815301076,1909f56bfc062723c751e8b465ee728b)  -> (artifact id: '478def78e05cee000187e87d849957c5') in 0.019058 seconds 
========================================================================
Received Import Request.
  Time since last request: 0.000017 seconds.
  path: Assets/Creatures Titan/Animation/Titan@Run.fbx
  artifactKey: Guid(ebe5b89bf3bbf1d4fb606899d6850a67) Importer(815301076,1909f56bfc062723c751e8b465ee728b)
Start importing Assets/Creatures Titan/Animation/Titan@Run.fbx using Guid(ebe5b89bf3bbf1d4fb606899d6850a67) Importer(815301076,1909f56bfc062723c751e8b465ee728b)  -> (artifact id: '8167b4832d46c17a56bfcee47381b8bf') in 0.017836 seconds 
========================================================================
Received Import Request.
  Time since last request: 0.000017 seconds.
  path: Assets/Creatures Titan/Animation/Titan@Jump.fbx
  artifactKey: Guid(296795d4e5a5f9f4bb9d5b352d9cc7fb) Importer(815301076,1909f56bfc062723c751e8b465ee728b)
Start importing Assets/Creatures Titan/Animation/Titan@Jump.fbx using Guid(296795d4e5a5f9f4bb9d5b352d9cc7fb) Importer(815301076,1909f56bfc062723c751e8b465ee728b)  -> (artifact id: '371efd7cdfb54cc33c8873fe0d6fd09a') in 0.018326 seconds 
========================================================================
Received Import Request.
  Time since last request: 0.732806 seconds.
  path: Assets/Creatures Titan/Animation/Materials/Titan__Albedo.mat
  artifactKey: Guid(9c187a0091c87ab498baeb57b00fa974) Importer(815301076,1909f56bfc062723c751e8b465ee728b)
Start importing Assets/Creatures Titan/Animation/Materials/Titan__Albedo.mat using Guid(9c187a0091c87ab498baeb57b00fa974) Importer(815301076,1909f56bfc062723c751e8b465ee728b)  -> (artifact id: '63642e1200fba3ed04c57da331d0f968') in 0.010380 seconds 
========================================================================
Received Import Request.
  Time since last request: 58.345087 seconds.
  path: Assets/Creatures Titan/Titan.unity
  artifactKey: Guid(cfd1c9483c8fd6e4e9e833789fdaeb0b) Importer(815301076,1909f56bfc062723c751e8b465ee728b)
Start importing Assets/Creatures Titan/Titan.unity using Guid(cfd1c9483c8fd6e4e9e833789fdaeb0b) Importer(815301076,1909f56bfc062723c751e8b465ee728b)  -> (artifact id: '54e1a996949d00aae1f58c39debf92cf') in 0.006947 seconds 
========================================================================
Received Prepare
Registering precompiled user dll's ...
Registered in 0.002539 seconds.
Begin MonoManager ReloadAssembly
Symbol file LoadedFromMemory doesn't match image C:\Users\SGA\Desktop\GoldMetal-3D\GOLD METAL-3D\Library\PackageCache\com.unity.visualscripting@1.8.0\Editor\VisualScripting.Core\Dependencies\YamlDotNet\Unity.VisualScripting.YamlDotNet.dll
Symbol file LoadedFromMemory doesn't match image C:\Users\SGA\Desktop\GoldMetal-3D\GOLD METAL-3D\Library\PackageCache\com.unity.visualscripting@1.8.0\Editor\VisualScripting.Core\Dependencies\DotNetZip\Unity.VisualScripting.IonicZip.dll
Native extension for WindowsStandalone target not found
Native extension for Android target not found
Refreshing native plugins compatible for Editor in 0.45 ms, found 3 plugins.
Preloading 0 native plugins for Editor in 0.00 ms.
Mono: successfully reloaded assembly
- Completed reload, in  0.704 seconds
Domain Reload Profiling:
	ReloadAssembly (704ms)
		BeginReloadAssembly (93ms)
			ExecutionOrderSort (0ms)
			DisableScriptedObjects (3ms)
			BackupInstance (0ms)
			ReleaseScriptingObjects (0ms)
			CreateAndSetChildDomain (26ms)
		EndReloadAssembly (544ms)
			LoadAssemblies (53ms)
			RebuildTransferFunctionScriptingTraits (0ms)
			SetupTypeCache (181ms)
			ReleaseScriptCaches (1ms)
			RebuildScriptCaches (30ms)
			SetupLoadedEditorAssemblies (237ms)
				LogAssemblyErrors (0ms)
				InitializePlatformSupportModulesInManaged (20ms)
				SetLoadedEditorAssemblies (0ms)
				RefreshPlugins (1ms)
				BeforeProcessingInitializeOnLoad (49ms)
				ProcessInitializeOnLoadAttributes (147ms)
				ProcessInitializeOnLoadMethodAttributes (15ms)
				AfterProcessingInitializeOnLoad (5ms)
				EditorAssembliesLoaded (0ms)
			ExecutionOrderSort2 (0ms)
			AwakeInstancesAfterBackupRestoration (5ms)
Platform modules already initialized, skipping
Shader 'WFX/Transparent Diffuse': fallback shader 'Particles/Alpha Blended' not found
Shader 'WFX/Transparent Specular': fallback shader 'Particles/Alpha Blended' not found
Refreshing native plugins compatible for Editor in 1.09 ms, found 3 plugins.
Preloading 0 native plugins for Editor in 0.00 ms.
Unloading 3158 Unused Serialized files (Serialized files now loaded: 0)
Unloading 15 unused Assets / (24.7 KB). Loaded Objects now: 3696.
Memory consumption went from 134.5 MB to 134.5 MB.
Total: 1.951500 ms (FindLiveObjects: 0.168900 ms CreateObjectMapping: 0.072500 ms MarkObjects: 1.689800 ms  DeleteObjects: 0.019500 ms)

AssetImportParameters requested are different than current active one (requested -> active):
  custom:video-decoder-ogg-theora: a1e56fd34408186e4bbccfd4996cb3dc -> 
  custom:container-muxer-webm: aa71ff27fc2769a1b78a27578f13a17b -> 
  custom:container-demuxer-webm: 4f35f7cbe854078d1ac9338744f61a02 -> 
  custom:video-encoder-webm-vp8: eb34c28f22e8b96e1ab97ce403110664 -> 
  custom:audio-encoder-webm-vorbis: bf7c407c2cedff20999df2af8eb42d56 -> 
  custom:framework-win-MediaFoundation: 216162199b28c13a410421893ffa2e32 -> 
  custom:container-demuxer-ogg: 62fdf1f143b41e24485cea50d1cbac27 -> 
  custom:video-decoder-webm-vp8: 9c59270c3fd7afecdb556c50c9e8de78 -> 
  custom:audio-decoder-ogg-vorbis: bf7c407c2cedff20999df2af8eb42d56 -> 
========================================================================
Received Import Request.
  Time since last request: 128.371482 seconds.
  path: Assets/Prefabs2/Enemy B 1.prefab
  artifactKey: Guid(17686e72f1dcae1439e19c4e594409bb) Importer(815301076,1909f56bfc062723c751e8b465ee728b)
Start importing Assets/Prefabs2/Enemy B 1.prefab using Guid(17686e72f1dcae1439e19c4e594409bb) Importer(815301076,1909f56bfc062723c751e8b465ee728b)  -> (artifact id: '7ee14bef5b4827bf3b626a32c9857468') in 0.084732 seconds 
========================================================================
Received Import Request.
  Time since last request: 3.589612 seconds.
  path: Assets/Prefabs2/Titan.prefab
  artifactKey: Guid(69b3586aa78bd5d40b5f1c6d0f6c62a6) Importer(815301076,1909f56bfc062723c751e8b465ee728b)
Start importing Assets/Prefabs2/Titan.prefab using Guid(69b3586aa78bd5d40b5f1c6d0f6c62a6) Importer(815301076,1909f56bfc062723c751e8b465ee728b)  -> (artifact id: '4805b07b9dbbc5b36a43fbc1f68628ec') in 0.025889 seconds 
========================================================================
Received Import Request.
  Time since last request: 8.691817 seconds.
  path: Assets/Scenes/TopView.unity
  artifactKey: Guid(11ab3d284e9ae644286da81160026394) Importer(815301076,1909f56bfc062723c751e8b465ee728b)
Start importing Assets/Scenes/TopView.unity using Guid(11ab3d284e9ae644286da81160026394) Importer(815301076,1909f56bfc062723c751e8b465ee728b)  -> (artifact id: '306a7da03d1dcdae6eb15efc2417a612') in 0.007501 seconds 
========================================================================
Received Prepare
Registering precompiled user dll's ...
Registered in 0.002598 seconds.
Begin MonoManager ReloadAssembly
Symbol file LoadedFromMemory doesn't match image C:\Users\SGA\Desktop\GoldMetal-3D\GOLD METAL-3D\Library\PackageCache\com.unity.visualscripting@1.8.0\Editor\VisualScripting.Core\Dependencies\YamlDotNet\Unity.VisualScripting.YamlDotNet.dll
Symbol file LoadedFromMemory doesn't match image C:\Users\SGA\Desktop\GoldMetal-3D\GOLD METAL-3D\Library\PackageCache\com.unity.visualscripting@1.8.0\Editor\VisualScripting.Core\Dependencies\DotNetZip\Unity.VisualScripting.IonicZip.dll
Native extension for WindowsStandalone target not found
Native extension for Android target not found
Refreshing native plugins compatible for Editor in 0.53 ms, found 3 plugins.
Preloading 0 native plugins for Editor in 0.00 ms.
Mono: successfully reloaded assembly
- Completed reload, in  0.754 seconds
Domain Reload Profiling:
	ReloadAssembly (755ms)
		BeginReloadAssembly (106ms)
			ExecutionOrderSort (0ms)
			DisableScriptedObjects (4ms)
			BackupInstance (0ms)
			ReleaseScriptingObjects (0ms)
			CreateAndSetChildDomain (29ms)
		EndReloadAssembly (570ms)
			LoadAssemblies (63ms)
			RebuildTransferFunctionScriptingTraits (0ms)
			SetupTypeCache (202ms)
			ReleaseScriptCaches (1ms)
			RebuildScriptCaches (30ms)
			SetupLoadedEditorAssemblies (237ms)
				LogAssemblyErrors (0ms)
				InitializePlatformSupportModulesInManaged (21ms)
				SetLoadedEditorAssemblies (0ms)
				RefreshPlugins (1ms)
				BeforeProcessingInitializeOnLoad (46ms)
				ProcessInitializeOnLoadAttributes (149ms)
				ProcessInitializeOnLoadMethodAttributes (15ms)
				AfterProcessingInitializeOnLoad (5ms)
				EditorAssembliesLoaded (0ms)
			ExecutionOrderSort2 (0ms)
			AwakeInstancesAfterBackupRestoration (5ms)
Platform modules already initialized, skipping
Shader 'WFX/Transparent Diffuse': fallback shader 'Particles/Alpha Blended' not found
Shader 'WFX/Transparent Specular': fallback shader 'Particles/Alpha Blended' not found
Refreshing native plugins compatible for Editor in 1.41 ms, found 3 plugins.
Preloading 0 native plugins for Editor in 0.00 ms.
Unloading 3158 Unused Serialized files (Serialized files now loaded: 0)
Unloading 16 unused Assets / (25.4 KB). Loaded Objects now: 3699.
Memory consumption went from 134.6 MB to 134.6 MB.
Total: 2.109700 ms (FindLiveObjects: 0.188200 ms CreateObjectMapping: 0.120200 ms MarkObjects: 1.778200 ms  DeleteObjects: 0.022300 ms)

AssetImportParameters requested are different than current active one (requested -> active):
  custom:video-decoder-ogg-theora: a1e56fd34408186e4bbccfd4996cb3dc -> 
  custom:container-muxer-webm: aa71ff27fc2769a1b78a27578f13a17b -> 
  custom:container-demuxer-webm: 4f35f7cbe854078d1ac9338744f61a02 -> 
  custom:video-encoder-webm-vp8: eb34c28f22e8b96e1ab97ce403110664 -> 
  custom:audio-encoder-webm-vorbis: bf7c407c2cedff20999df2af8eb42d56 -> 
  custom:framework-win-MediaFoundation: 216162199b28c13a410421893ffa2e32 -> 
  custom:container-demuxer-ogg: 62fdf1f143b41e24485cea50d1cbac27 -> 
  custom:video-decoder-webm-vp8: 9c59270c3fd7afecdb556c50c9e8de78 -> 
  custom:audio-decoder-ogg-vorbis: bf7c407c2cedff20999df2af8eb42d56 -> 
========================================================================
Received Import Request.
  Time since last request: 1768.641346 seconds.
  path: Assets/Creatures Titan/Materials
  artifactKey: Guid(c353116e3e0faa64f9d52631a615c05d) Importer(815301076,1909f56bfc062723c751e8b465ee728b)
Start importing Assets/Creatures Titan/Materials using Guid(c353116e3e0faa64f9d52631a615c05d) Importer(815301076,1909f56bfc062723c751e8b465ee728b)  -> (artifact id: '40abf2ad0d840e3b5d025537bdb17679') in 0.011134 seconds 
========================================================================
Received Import Request.
  Time since last request: 0.068969 seconds.
  path: Assets/Creatures Titan/Materials/Titan.mat
  artifactKey: Guid(e1749f1e48552f743ba187541ecfa00c) Importer(815301076,1909f56bfc062723c751e8b465ee728b)
Start importing Assets/Creatures Titan/Materials/Titan.mat using Guid(e1749f1e48552f743ba187541ecfa00c) Importer(815301076,1909f56bfc062723c751e8b465ee728b)  -> (artifact id: '42153759d48b55314516491ff6ddd537') in 0.221183 seconds 
========================================================================
Received Import Request.
  Time since last request: 5.694651 seconds.
  path: Assets/Creatures Titan/Stand/Mesh/Materials/Stand.mat
  artifactKey: Guid(f88fa2fd12ba73643afe39cc62cec2d2) Importer(815301076,1909f56bfc062723c751e8b465ee728b)
Start importing Assets/Creatures Titan/Stand/Mesh/Materials/Stand.mat using Guid(f88fa2fd12ba73643afe39cc62cec2d2) Importer(815301076,1909f56bfc062723c751e8b465ee728b)  -> (artifact id: '813e480224f2e56b929c387fd71302ff') in 0.027735 seconds 
========================================================================
Received Import Request.
  Time since last request: 4.324741 seconds.
  path: Assets/Creatures Titan/Mesh
  artifactKey: Guid(d2cb5d67c8c80db46815ca2dbd366b3d) Importer(815301076,1909f56bfc062723c751e8b465ee728b)
Start importing Assets/Creatures Titan/Mesh using Guid(d2cb5d67c8c80db46815ca2dbd366b3d) Importer(815301076,1909f56bfc062723c751e8b465ee728b)  -> (artifact id: '8646f41382b3ab0677e3c872c8792f49') in 0.006720 seconds 
========================================================================
Received Import Request.
  Time since last request: 0.073055 seconds.
  path: Assets/Creatures Titan/Mesh/Titan.fbx
  artifactKey: Guid(24c4300f68c986241af51004b72b03f2) Importer(815301076,1909f56bfc062723c751e8b465ee728b)
Start importing Assets/Creatures Titan/Mesh/Titan.fbx using Guid(24c4300f68c986241af51004b72b03f2) Importer(815301076,1909f56bfc062723c751e8b465ee728b)  -> (artifact id: '1eb6a09d1dbe61820b00ea518797fcef') in 0.029718 seconds 
========================================================================
Received Import Request.
  Time since last request: 0.744020 seconds.
  path: Assets/Creatures Titan/Mesh/Materials
  artifactKey: Guid(79a370a08b3aee249ab5c1f96c63377b) Importer(815301076,1909f56bfc062723c751e8b465ee728b)
Start importing Assets/Creatures Titan/Mesh/Materials using Guid(79a370a08b3aee249ab5c1f96c63377b) Importer(815301076,1909f56bfc062723c751e8b465ee728b)  -> (artifact id: '6ca523e428c87e2f30c5a1d57fb80041') in 0.001654 seconds 
========================================================================
Received Import Request.
  Time since last request: 0.096358 seconds.
  path: Assets/Creatures Titan/Mesh/Materials/Titan__Albedo.mat
  artifactKey: Guid(a6a8a3625065cef40a70ee458fa7c61f) Importer(815301076,1909f56bfc062723c751e8b465ee728b)
Start importing Assets/Creatures Titan/Mesh/Materials/Titan__Albedo.mat using Guid(a6a8a3625065cef40a70ee458fa7c61f) Importer(815301076,1909f56bfc062723c751e8b465ee728b)  -> (artifact id: 'bde324f4a1e2074053323615daca94d9') in 0.010499 seconds 
========================================================================
Received Import Request.
  Time since last request: 5.652525 seconds.
  path: Assets/Creatures Titan/Texture
  artifactKey: Guid(2feed1471fadbe74e83bbab3932def0c) Importer(815301076,1909f56bfc062723c751e8b465ee728b)
Start importing Assets/Creatures Titan/Texture using Guid(2feed1471fadbe74e83bbab3932def0c) Importer(815301076,1909f56bfc062723c751e8b465ee728b)  -> (artifact id: '7f885f72fd405a17f7b393f4a5c29ba5') in 0.007174 seconds 
========================================================================
Received Import Request.
  Time since last request: 0.208249 seconds.
  path: Assets/Creatures Titan/Texture/Titan__Albedo.tga
  artifactKey: Guid(65226824c0943324db930ef4b908c9b4) Importer(815301076,1909f56bfc062723c751e8b465ee728b)
Start importing Assets/Creatures Titan/Texture/Titan__Albedo.tga using Guid(65226824c0943324db930ef4b908c9b4) Importer(815301076,1909f56bfc062723c751e8b465ee728b)  -> (artifact id: 'ac7bd5e98c69eae56a53d971e32e1957') in 0.015997 seconds 
========================================================================
Received Import Request.
  Time since last request: 0.000018 seconds.
  path: Assets/Creatures Titan/Texture/Titan__Metallic.tga
  artifactKey: Guid(3cc3e2c2a3cb9604caa7c563c9b90877) Importer(815301076,1909f56bfc062723c751e8b465ee728b)
Start importing Assets/Creatures Titan/Texture/Titan__Metallic.tga using Guid(3cc3e2c2a3cb9604caa7c563c9b90877) Importer(815301076,1909f56bfc062723c751e8b465ee728b)  -> (artifact id: '3a77ac23cf592e3b8beeeaf0051e93ca') in 0.011756 seconds 
========================================================================
Received Import Request.
  Time since last request: 0.000019 seconds.
  path: Assets/Creatures Titan/Texture/Titan__normals.tga
  artifactKey: Guid(83ad6b9b9e4e7c04dab853ce9eeaf873) Importer(815301076,1909f56bfc062723c751e8b465ee728b)
Start importing Assets/Creatures Titan/Texture/Titan__normals.tga using Guid(83ad6b9b9e4e7c04dab853ce9eeaf873) Importer(815301076,1909f56bfc062723c751e8b465ee728b)  -> (artifact id: '5fbc50275e686cb6be5ab195d4e49dfd') in 0.014662 seconds 
========================================================================
Received Prepare
Registering precompiled user dll's ...
Registered in 0.002567 seconds.
Begin MonoManager ReloadAssembly
Symbol file LoadedFromMemory doesn't match image C:\Users\SGA\Desktop\GoldMetal-3D\GOLD METAL-3D\Library\PackageCache\com.unity.visualscripting@1.8.0\Editor\VisualScripting.Core\Dependencies\YamlDotNet\Unity.VisualScripting.YamlDotNet.dll
Symbol file LoadedFromMemory doesn't match image C:\Users\SGA\Desktop\GoldMetal-3D\GOLD METAL-3D\Library\PackageCache\com.unity.visualscripting@1.8.0\Editor\VisualScripting.Core\Dependencies\DotNetZip\Unity.VisualScripting.IonicZip.dll
Native extension for WindowsStandalone target not found
Native extension for Android target not found
Refreshing native plugins compatible for Editor in 0.43 ms, found 3 plugins.
Preloading 0 native plugins for Editor in 0.00 ms.
Mono: successfully reloaded assembly
- Completed reload, in  0.676 seconds
Domain Reload Profiling:
	ReloadAssembly (677ms)
		BeginReloadAssembly (91ms)
			ExecutionOrderSort (0ms)
			DisableScriptedObjects (3ms)
			BackupInstance (0ms)
			ReleaseScriptingObjects (0ms)
			CreateAndSetChildDomain (24ms)
		EndReloadAssembly (521ms)
			LoadAssemblies (55ms)
			RebuildTransferFunctionScriptingTraits (0ms)
			SetupTypeCache (168ms)
			ReleaseScriptCaches (1ms)
			RebuildScriptCaches (28ms)
			SetupLoadedEditorAssemblies (234ms)
				LogAssemblyErrors (0ms)
				InitializePlatformSupportModulesInManaged (18ms)
				SetLoadedEditorAssemblies (0ms)
				RefreshPlugins (0ms)
				BeforeProcessingInitializeOnLoad (46ms)
				ProcessInitializeOnLoadAttributes (148ms)
				ProcessInitializeOnLoadMethodAttributes (15ms)
				AfterProcessingInitializeOnLoad (5ms)
				EditorAssembliesLoaded (0ms)
			ExecutionOrderSort2 (0ms)
			AwakeInstancesAfterBackupRestoration (5ms)
Platform modules already initialized, skipping
Shader 'WFX/Transparent Diffuse': fallback shader 'Particles/Alpha Blended' not found
Shader 'WFX/Transparent Specular': fallback shader 'Particles/Alpha Blended' not found
Refreshing native plugins compatible for Editor in 1.14 ms, found 3 plugins.
Preloading 0 native plugins for Editor in 0.00 ms.
Unloading 3158 Unused Serialized files (Serialized files now loaded: 0)
Unloading 15 unused Assets / (24.6 KB). Loaded Objects now: 3708.
Memory consumption went from 135.1 MB to 135.1 MB.
Total: 1.977600 ms (FindLiveObjects: 0.167100 ms CreateObjectMapping: 0.074400 ms MarkObjects: 1.715500 ms  DeleteObjects: 0.019500 ms)

AssetImportParameters requested are different than current active one (requested -> active):
  custom:video-decoder-ogg-theora: a1e56fd34408186e4bbccfd4996cb3dc -> 
  custom:container-muxer-webm: aa71ff27fc2769a1b78a27578f13a17b -> 
  custom:container-demuxer-webm: 4f35f7cbe854078d1ac9338744f61a02 -> 
  custom:video-encoder-webm-vp8: eb34c28f22e8b96e1ab97ce403110664 -> 
  custom:audio-encoder-webm-vorbis: bf7c407c2cedff20999df2af8eb42d56 -> 
  custom:framework-win-MediaFoundation: 216162199b28c13a410421893ffa2e32 -> 
  custom:container-demuxer-ogg: 62fdf1f143b41e24485cea50d1cbac27 -> 
  custom:video-decoder-webm-vp8: 9c59270c3fd7afecdb556c50c9e8de78 -> 
  custom:audio-decoder-ogg-vorbis: bf7c407c2cedff20999df2af8eb42d56 -> 
========================================================================
Received Prepare
Registering precompiled user dll's ...
Registered in 0.003250 seconds.
Begin MonoManager ReloadAssembly
Symbol file LoadedFromMemory doesn't match image C:\Users\SGA\Desktop\GoldMetal-3D\GOLD METAL-3D\Library\PackageCache\com.unity.visualscripting@1.8.0\Editor\VisualScripting.Core\Dependencies\YamlDotNet\Unity.VisualScripting.YamlDotNet.dll
Symbol file LoadedFromMemory doesn't match image C:\Users\SGA\Desktop\GoldMetal-3D\GOLD METAL-3D\Library\PackageCache\com.unity.visualscripting@1.8.0\Editor\VisualScripting.Core\Dependencies\DotNetZip\Unity.VisualScripting.IonicZip.dll
Native extension for WindowsStandalone target not found
Native extension for Android target not found
Refreshing native plugins compatible for Editor in 0.50 ms, found 3 plugins.
Preloading 0 native plugins for Editor in 0.00 ms.
Mono: successfully reloaded assembly
- Completed reload, in  0.692 seconds
Domain Reload Profiling:
	ReloadAssembly (693ms)
		BeginReloadAssembly (96ms)
			ExecutionOrderSort (0ms)
			DisableScriptedObjects (4ms)
			BackupInstance (0ms)
			ReleaseScriptingObjects (0ms)
			CreateAndSetChildDomain (26ms)
		EndReloadAssembly (532ms)
			LoadAssemblies (55ms)
			RebuildTransferFunctionScriptingTraits (0ms)
			SetupTypeCache (178ms)
			ReleaseScriptCaches (1ms)
			RebuildScriptCaches (27ms)
			SetupLoadedEditorAssemblies (237ms)
				LogAssemblyErrors (0ms)
				InitializePlatformSupportModulesInManaged (20ms)
				SetLoadedEditorAssemblies (0ms)
				RefreshPlugins (1ms)
				BeforeProcessingInitializeOnLoad (46ms)
				ProcessInitializeOnLoadAttributes (149ms)
				ProcessInitializeOnLoadMethodAttributes (15ms)
				AfterProcessingInitializeOnLoad (5ms)
				EditorAssembliesLoaded (0ms)
			ExecutionOrderSort2 (0ms)
			AwakeInstancesAfterBackupRestoration (5ms)
Platform modules already initialized, skipping
Shader 'WFX/Transparent Diffuse': fallback shader 'Particles/Alpha Blended' not found
Shader 'WFX/Transparent Specular': fallback shader 'Particles/Alpha Blended' not found
Refreshing native plugins compatible for Editor in 1.62 ms, found 3 plugins.
Preloading 0 native plugins for Editor in 0.00 ms.
Unloading 3158 Unused Serialized files (Serialized files now loaded: 0)
Unloading 15 unused Assets / (24.7 KB). Loaded Objects now: 3711.
Memory consumption went from 135.1 MB to 135.1 MB.
Total: 2.013600 ms (FindLiveObjects: 0.175000 ms CreateObjectMapping: 0.071000 ms MarkObjects: 1.745400 ms  DeleteObjects: 0.021600 ms)

AssetImportParameters requested are different than current active one (requested -> active):
  custom:video-decoder-ogg-theora: a1e56fd34408186e4bbccfd4996cb3dc -> 
  custom:container-muxer-webm: aa71ff27fc2769a1b78a27578f13a17b -> 
  custom:container-demuxer-webm: 4f35f7cbe854078d1ac9338744f61a02 -> 
  custom:video-encoder-webm-vp8: eb34c28f22e8b96e1ab97ce403110664 -> 
  custom:audio-encoder-webm-vorbis: bf7c407c2cedff20999df2af8eb42d56 -> 
  custom:framework-win-MediaFoundation: 216162199b28c13a410421893ffa2e32 -> 
  custom:container-demuxer-ogg: 62fdf1f143b41e24485cea50d1cbac27 -> 
  custom:video-decoder-webm-vp8: 9c59270c3fd7afecdb556c50c9e8de78 -> 
  custom:audio-decoder-ogg-vorbis: bf7c407c2cedff20999df2af8eb42d56 -> 
========================================================================
Received Import Request.
  Time since last request: 2391.423046 seconds.
  path: Assets/Creatures Titan/Titan.controller
  artifactKey: Guid(aa817058b3fdd29429b34f065a7a8770) Importer(815301076,1909f56bfc062723c751e8b465ee728b)
Start importing Assets/Creatures Titan/Titan.controller using Guid(aa817058b3fdd29429b34f065a7a8770) Importer(815301076,1909f56bfc062723c751e8b465ee728b)  -> (artifact id: 'f6492a76b1a4acdb846c201c948371d2') in 0.023371 seconds 
