Using pre-set license
Built from '2021.3/staging' branch; Version is '2021.3.19f1 (c9714fde33b6) revision 13201743'; Using compiler version '192829333'; Build Type 'Release'
OS: 'Windows 10  (10.0.19045) 64bit Professional' Language: 'ko' Physical Memory: 16194 MB
BatchMode: 1, IsHumanControllingUs: 0, StartBugReporterOnCrash: 0, Is64bit: 1, IsPro: 1

COMMAND LINE ARGUMENTS:
C:\Program Files\Unity\Hub\Editor\2021.3.19f1\Editor\Unity.exe
-adb2
-batchMode
-noUpm
-name
AssetImportWorker4
-projectPath
C:/Users/SGA/Desktop/GoldMetal-3D/GOLD METAL-3D
-logFile
Logs/AssetImportWorker4.log
-srvPort
50224
Successfully changed project path to: C:/Users/SGA/Desktop/GoldMetal-3D/GOLD METAL-3D
C:/Users/SGA/Desktop/GoldMetal-3D/GOLD METAL-3D
[UnityMemory] Configuration Parameters - Can be set up in boot.config
    "memorysetup-bucket-allocator-granularity=16"
    "memorysetup-bucket-allocator-bucket-count=8"
    "memorysetup-bucket-allocator-block-size=33554432"
    "memorysetup-bucket-allocator-block-count=8"
    "memorysetup-main-allocator-block-size=16777216"
    "memorysetup-thread-allocator-block-size=16777216"
    "memorysetup-gfx-main-allocator-block-size=16777216"
    "memorysetup-gfx-thread-allocator-block-size=16777216"
    "memorysetup-cache-allocator-block-size=4194304"
    "memorysetup-typetree-allocator-block-size=2097152"
    "memorysetup-profiler-bucket-allocator-granularity=16"
    "memorysetup-profiler-bucket-allocator-bucket-count=8"
    "memorysetup-profiler-bucket-allocator-block-size=33554432"
    "memorysetup-profiler-bucket-allocator-block-count=8"
    "memorysetup-profiler-allocator-block-size=16777216"
    "memorysetup-profiler-editor-allocator-block-size=1048576"
    "memorysetup-temp-allocator-size-main=16777216"
    "memorysetup-job-temp-allocator-block-size=2097152"
    "memorysetup-job-temp-allocator-block-size-background=1048576"
    "memorysetup-job-temp-allocator-reduction-small-platforms=262144"
    "memorysetup-temp-allocator-size-background-worker=32768"
    "memorysetup-temp-allocator-size-job-worker=262144"
    "memorysetup-temp-allocator-size-preload-manager=33554432"
    "memorysetup-temp-allocator-size-nav-mesh-worker=65536"
    "memorysetup-temp-allocator-size-audio-worker=65536"
    "memorysetup-temp-allocator-size-cloud-worker=32768"
    "memorysetup-temp-allocator-size-gi-baking-worker=262144"
    "memorysetup-temp-allocator-size-gfx=262144"
Player connection [8508] Host "[IP] 192.168.0.99 [Port] 0 [Flags] 2 [Guid] 3373773525 [EditorId] 3373773525 [Version] 1048832 [Id] WindowsEditor(7,DESKTOP-HQKDT44) [Debug] 1 [PackageName] WindowsEditor [ProjectName] Editor" joined multi-casting on [225.0.0.222:54997]...

Player connection [8508] Host "[IP] 192.168.0.99 [Port] 0 [Flags] 2 [Guid] 3373773525 [EditorId] 3373773525 [Version] 1048832 [Id] WindowsEditor(7,DESKTOP-HQKDT44) [Debug] 1 [PackageName] WindowsEditor [ProjectName] Editor" joined alternative multi-casting on [225.0.0.222:34997]...

Refreshing native plugins compatible for Editor in 45.07 ms, found 3 plugins.
Preloading 0 native plugins for Editor in 0.00 ms.
Initialize engine version: 2021.3.19f1 (c9714fde33b6)
[Subsystems] Discovering subsystems at path C:/Program Files/Unity/Hub/Editor/2021.3.19f1/Editor/Data/Resources/UnitySubsystems
[Subsystems] Discovering subsystems at path C:/Users/SGA/Desktop/GoldMetal-3D/GOLD METAL-3D/Assets
GfxDevice: creating device client; threaded=0; jobified=0
Direct3D:
    Version:  Direct3D 11.0 [level 11.1]
    Renderer: NVIDIA GeForce GTX 1650 (ID=0x1f82)
    Vendor:   NVIDIA
    VRAM:     3949 MB
    Driver:   31.0.15.3179
Initialize mono
Mono path[0] = 'C:/Program Files/Unity/Hub/Editor/2021.3.19f1/Editor/Data/Managed'
Mono path[1] = 'C:/Program Files/Unity/Hub/Editor/2021.3.19f1/Editor/Data/MonoBleedingEdge/lib/mono/unityjit-win32'
Mono config path = 'C:/Program Files/Unity/Hub/Editor/2021.3.19f1/Editor/Data/MonoBleedingEdge/etc'
Using monoOptions --debugger-agent=transport=dt_socket,embedding=1,server=y,suspend=n,address=127.0.0.1:56612
Begin MonoManager ReloadAssembly
Registering precompiled unity dll's ...
Register platform support module: C:/Program Files/Unity/Hub/Editor/2021.3.19f1/Editor/Data/PlaybackEngines/AndroidPlayer/UnityEditor.Android.Extensions.dll
Register platform support module: C:/Program Files/Unity/Hub/Editor/2021.3.19f1/Editor/Data/PlaybackEngines/WindowsStandaloneSupport/UnityEditor.WindowsStandalone.Extensions.dll
Registered in 0.004081 seconds.
Native extension for WindowsStandalone target not found
Native extension for Android target not found
Android Extension - Scanning For ADB Devices 152 ms
Refreshing native plugins compatible for Editor in 47.20 ms, found 3 plugins.
Preloading 0 native plugins for Editor in 0.00 ms.
Mono: successfully reloaded assembly
- Completed reload, in  0.597 seconds
Domain Reload Profiling:
	ReloadAssembly (597ms)
		BeginReloadAssembly (58ms)
			ExecutionOrderSort (0ms)
			DisableScriptedObjects (0ms)
			BackupInstance (0ms)
			ReleaseScriptingObjects (0ms)
			CreateAndSetChildDomain (1ms)
		EndReloadAssembly (464ms)
			LoadAssemblies (57ms)
			RebuildTransferFunctionScriptingTraits (0ms)
			SetupTypeCache (69ms)
			ReleaseScriptCaches (0ms)
			RebuildScriptCaches (18ms)
			SetupLoadedEditorAssemblies (342ms)
				LogAssemblyErrors (0ms)
				InitializePlatformSupportModulesInManaged (198ms)
				SetLoadedEditorAssemblies (0ms)
				RefreshPlugins (47ms)
				BeforeProcessingInitializeOnLoad (1ms)
				ProcessInitializeOnLoadAttributes (66ms)
				ProcessInitializeOnLoadMethodAttributes (30ms)
				AfterProcessingInitializeOnLoad (0ms)
				EditorAssembliesLoaded (0ms)
			ExecutionOrderSort2 (0ms)
			AwakeInstancesAfterBackupRestoration (0ms)
Platform modules already initialized, skipping
Registering precompiled user dll's ...
Registered in 0.002977 seconds.
Begin MonoManager ReloadAssembly
Symbol file LoadedFromMemory doesn't match image C:\Users\SGA\Desktop\GoldMetal-3D\GOLD METAL-3D\Library\PackageCache\com.unity.visualscripting@1.8.0\Editor\VisualScripting.Core\Dependencies\YamlDotNet\Unity.VisualScripting.YamlDotNet.dll
Symbol file LoadedFromMemory doesn't match image C:\Users\SGA\Desktop\GoldMetal-3D\GOLD METAL-3D\Library\PackageCache\com.unity.visualscripting@1.8.0\Editor\VisualScripting.Core\Dependencies\DotNetZip\Unity.VisualScripting.IonicZip.dll
Native extension for WindowsStandalone target not found
Native extension for Android target not found
Refreshing native plugins compatible for Editor in 0.37 ms, found 3 plugins.
Preloading 0 native plugins for Editor in 0.00 ms.
Mono: successfully reloaded assembly
- Completed reload, in  0.650 seconds
Domain Reload Profiling:
	ReloadAssembly (651ms)
		BeginReloadAssembly (70ms)
			ExecutionOrderSort (0ms)
			DisableScriptedObjects (4ms)
			BackupInstance (0ms)
			ReleaseScriptingObjects (0ms)
			CreateAndSetChildDomain (13ms)
		EndReloadAssembly (504ms)
			LoadAssemblies (51ms)
			RebuildTransferFunctionScriptingTraits (0ms)
			SetupTypeCache (170ms)
			ReleaseScriptCaches (0ms)
			RebuildScriptCaches (32ms)
			SetupLoadedEditorAssemblies (222ms)
				LogAssemblyErrors (0ms)
				InitializePlatformSupportModulesInManaged (12ms)
				SetLoadedEditorAssemblies (0ms)
				RefreshPlugins (0ms)
				BeforeProcessingInitializeOnLoad (50ms)
				ProcessInitializeOnLoadAttributes (142ms)
				ProcessInitializeOnLoadMethodAttributes (13ms)
				AfterProcessingInitializeOnLoad (4ms)
				EditorAssembliesLoaded (0ms)
			ExecutionOrderSort2 (0ms)
			AwakeInstancesAfterBackupRestoration (4ms)
Platform modules already initialized, skipping
========================================================================
Worker process is ready to serve import requests
Launched and connected shader compiler UnityShaderCompiler.exe after 0.02 seconds
Refreshing native plugins compatible for Editor in 0.38 ms, found 3 plugins.
Preloading 0 native plugins for Editor in 0.00 ms.
Unloading 3141 Unused Serialized files (Serialized files now loaded: 0)
Unloading 22 unused Assets / (56.1 KB). Loaded Objects now: 3606.
Memory consumption went from 114.8 MB to 114.8 MB.
Total: 2.026900 ms (FindLiveObjects: 0.166500 ms CreateObjectMapping: 0.069000 ms MarkObjects: 1.736400 ms  DeleteObjects: 0.054300 ms)

AssetImportParameters requested are different than current active one (requested -> active):
  custom:video-decoder-ogg-theora: a1e56fd34408186e4bbccfd4996cb3dc -> 
  custom:container-muxer-webm: aa71ff27fc2769a1b78a27578f13a17b -> 
  custom:container-demuxer-webm: 4f35f7cbe854078d1ac9338744f61a02 -> 
  custom:video-encoder-webm-vp8: eb34c28f22e8b96e1ab97ce403110664 -> 
  custom:audio-encoder-webm-vorbis: bf7c407c2cedff20999df2af8eb42d56 -> 
  custom:framework-win-MediaFoundation: 216162199b28c13a410421893ffa2e32 -> 
  custom:container-demuxer-ogg: 62fdf1f143b41e24485cea50d1cbac27 -> 
  custom:video-decoder-webm-vp8: 9c59270c3fd7afecdb556c50c9e8de78 -> 
  custom:audio-decoder-ogg-vorbis: bf7c407c2cedff20999df2af8eb42d56 -> 
========================================================================
Received Import Request.
  Time since last request: 12529.149499 seconds.
  path: Assets/Prefabs/Missile.prefab
  artifactKey: Guid(08e39a0a32f41f940a448967b8ccf3b5) Importer(815301076,1909f56bfc062723c751e8b465ee728b)
Start importing Assets/Prefabs/Missile.prefab using Guid(08e39a0a32f41f940a448967b8ccf3b5) Importer(815301076,1909f56bfc062723c751e8b465ee728b)  -> (artifact id: '27e694c0612406f77e1a95f1f7bc5fb3') in 0.120900 seconds 
========================================================================
Received Import Request.
  Time since last request: 22.769609 seconds.
  path: Assets/Prefabs/Missile.prefab
  artifactKey: Guid(08e39a0a32f41f940a448967b8ccf3b5) Importer(815301076,1909f56bfc062723c751e8b465ee728b)
Start importing Assets/Prefabs/Missile.prefab using Guid(08e39a0a32f41f940a448967b8ccf3b5) Importer(815301076,1909f56bfc062723c751e8b465ee728b)  -> (artifact id: '1861ed094e5a352cd059760c21811556') in 0.015928 seconds 
========================================================================
Received Import Request.
  Time since last request: 64.436454 seconds.
  path: Assets/Prefabs/Missile.prefab
  artifactKey: Guid(08e39a0a32f41f940a448967b8ccf3b5) Importer(815301076,1909f56bfc062723c751e8b465ee728b)
Start importing Assets/Prefabs/Missile.prefab using Guid(08e39a0a32f41f940a448967b8ccf3b5) Importer(815301076,1909f56bfc062723c751e8b465ee728b)  -> (artifact id: 'cadd5dc834a76289ba6d62692adc4ffd') in 0.083396 seconds 
========================================================================
Received Import Request.
  Time since last request: 20.303324 seconds.
  path: Assets/Prefabs/Missile.prefab
  artifactKey: Guid(08e39a0a32f41f940a448967b8ccf3b5) Importer(815301076,1909f56bfc062723c751e8b465ee728b)
Start importing Assets/Prefabs/Missile.prefab using Guid(08e39a0a32f41f940a448967b8ccf3b5) Importer(815301076,1909f56bfc062723c751e8b465ee728b)  -> (artifact id: '3093d89498c5a6aca9ba4b9532cdb56e') in 0.044087 seconds 
========================================================================
Received Import Request.
  Time since last request: 33.838657 seconds.
  path: Assets/Prefabs/Missile.prefab
  artifactKey: Guid(08e39a0a32f41f940a448967b8ccf3b5) Importer(815301076,1909f56bfc062723c751e8b465ee728b)
Start importing Assets/Prefabs/Missile.prefab using Guid(08e39a0a32f41f940a448967b8ccf3b5) Importer(815301076,1909f56bfc062723c751e8b465ee728b)  -> (artifact id: '5203fd873200ddd9328613365862d919') in 0.007303 seconds 
========================================================================
Received Import Request.
  Time since last request: 4.010871 seconds.
  path: Assets/Prefabs/Missile.prefab
  artifactKey: Guid(08e39a0a32f41f940a448967b8ccf3b5) Importer(815301076,1909f56bfc062723c751e8b465ee728b)
Start importing Assets/Prefabs/Missile.prefab using Guid(08e39a0a32f41f940a448967b8ccf3b5) Importer(815301076,1909f56bfc062723c751e8b465ee728b)  -> (artifact id: '0a7ee15533322f83a62300fffe65d114') in 0.006753 seconds 
========================================================================
Received Import Request.
  Time since last request: 111.649427 seconds.
  path: Assets/Animation/Enemy B 1.controller
  artifactKey: Guid(6714f7aad0f1df64e901b6cd551c6dca) Importer(815301076,1909f56bfc062723c751e8b465ee728b)
Start importing Assets/Animation/Enemy B 1.controller using Guid(6714f7aad0f1df64e901b6cd551c6dca) Importer(815301076,1909f56bfc062723c751e8b465ee728b)  -> (artifact id: '4808d3d73dfb863ccf9de3f2f270387d') in 0.008917 seconds 
========================================================================
Received Import Request.
  Time since last request: 3.831914 seconds.
  path: Assets/Animation/Enemy C.controller
  artifactKey: Guid(6714f7aad0f1df64e901b6cd551c6dca) Importer(815301076,1909f56bfc062723c751e8b465ee728b)
Start importing Assets/Animation/Enemy C.controller using Guid(6714f7aad0f1df64e901b6cd551c6dca) Importer(815301076,1909f56bfc062723c751e8b465ee728b)  -> (artifact id: '533af3e4a03b60e23e8885e5ad4c3313') in 0.007145 seconds 
========================================================================
Received Import Request.
  Time since last request: 40.771208 seconds.
  path: Assets/QuarterView 3D Action BE5/Models/Boss Rock.obj
  artifactKey: Guid(0d22a1c55ff42614eb30ef07a31f71ec) Importer(815301076,1909f56bfc062723c751e8b465ee728b)
Start importing Assets/QuarterView 3D Action BE5/Models/Boss Rock.obj using Guid(0d22a1c55ff42614eb30ef07a31f71ec) Importer(815301076,1909f56bfc062723c751e8b465ee728b)  -> (artifact id: '0e4e3246d61b903930febcfc079095e5') in 0.056656 seconds 
========================================================================
Received Import Request.
  Time since last request: 0.000021 seconds.
  path: Assets/QuarterView 3D Action BE5/Models/Item Heart.obj
  artifactKey: Guid(f2e3ebad01f2bd743994f155d90d178c) Importer(815301076,1909f56bfc062723c751e8b465ee728b)
Start importing Assets/QuarterView 3D Action BE5/Models/Item Heart.obj using Guid(f2e3ebad01f2bd743994f155d90d178c) Importer(815301076,1909f56bfc062723c751e8b465ee728b)  -> (artifact id: 'e07d0f64f277b374b906f60ef7f06f7c') in 0.034541 seconds 
========================================================================
Received Import Request.
  Time since last request: 0.000021 seconds.
  path: Assets/QuarterView 3D Action BE5/Models/Item Hammer.obj
  artifactKey: Guid(c004007a28c1f534e859da99f6c890fb) Importer(815301076,1909f56bfc062723c751e8b465ee728b)
Start importing Assets/QuarterView 3D Action BE5/Models/Item Hammer.obj using Guid(c004007a28c1f534e859da99f6c890fb) Importer(815301076,1909f56bfc062723c751e8b465ee728b)  -> (artifact id: 'ebc010db864c5bcec2c47b72fc16c9d7') in 0.019116 seconds 
========================================================================
Received Import Request.
  Time since last request: 1.322052 seconds.
  path: Assets/QuarterView 3D Action BE5/Models/Missile Boss.obj
  artifactKey: Guid(24081170c36b3b047a3f1bed303ff010) Importer(815301076,1909f56bfc062723c751e8b465ee728b)
Start importing Assets/QuarterView 3D Action BE5/Models/Missile Boss.obj using Guid(24081170c36b3b047a3f1bed303ff010) Importer(815301076,1909f56bfc062723c751e8b465ee728b)  -> (artifact id: 'f4d31350e614e35543fee8d49989f252') in 0.020991 seconds 
========================================================================
Received Import Request.
  Time since last request: 0.000017 seconds.
  path: Assets/QuarterView 3D Action BE5/Models/Simple Enemy C.fbx
  artifactKey: Guid(4bdf630ee339368429c99c5c922b08ca) Importer(815301076,1909f56bfc062723c751e8b465ee728b)
Start importing Assets/QuarterView 3D Action BE5/Models/Simple Enemy C.fbx using Guid(4bdf630ee339368429c99c5c922b08ca) Importer(815301076,1909f56bfc062723c751e8b465ee728b)  -> (artifact id: '4d10bafd70a944cc8f5e0c6aa925bac1') in 0.032198 seconds 
========================================================================
Received Import Request.
  Time since last request: 2.128380 seconds.
  path: Assets/QuarterView 3D Action BE5/Models/Simple Enemy D.fbx
  artifactKey: Guid(a43df65176acc724e8d74ed0d0e8986a) Importer(815301076,1909f56bfc062723c751e8b465ee728b)
Start importing Assets/QuarterView 3D Action BE5/Models/Simple Enemy D.fbx using Guid(a43df65176acc724e8d74ed0d0e8986a) Importer(815301076,1909f56bfc062723c751e8b465ee728b)  -> (artifact id: '1be42ce83ce3dd2904ca69c7e2cad69f') in 0.046672 seconds 
Editor requested this worker to shutdown with reason: Scaling down because of idle timeout
AssetImportWorker is now disconnected from the server
Process exiting
Exiting without the bug reporter. Application will terminate with return code 0